<?xml version="1.0" encoding="UTF-8"?>
<!-- Generated by org.testng.reporters.JUnitReportReporter -->
<testsuite hostname="DESKTOP-D5739PH" failures="0" tests="5" name="com.TestCases.LoginPageTest" time="47.678" errors="0" timestamp="10 Mar 2019 15:28:11 GMT" skipped="0">
  <testcase classname="com.TestCases.LoginPageTest" name="VerifyLogoofThePage" time="6.412"/>
  <testcase classname="com.TestCases.LoginPageTest" name="VerifyTitleofThePage" time="6.093"/>
  <testcase classname="com.TestCases.LoginPageTest" name="VerifyErrorMessageWithinvaliduspw" time="12.363"/>
  <testcase classname="com.TestCases.LoginPageTest" name="VerifyLoginPage" time="9.252"/>
  <testcase classname="com.TestCases.LoginPageTest" name="VerifyHomePage" time="13.558"/>
</testsuite> <!-- com.TestCases.LoginPageTest -->
