<?xml version="1.0" encoding="UTF-8"?>
<!-- Generated by org.testng.reporters.JUnitReportReporter -->
<testsuite hostname="DESKTOP-D5739PH" failures="0" tests="4" name="com.TestCases.ProductNServicesPageTest" time="137.231" errors="0" timestamp="09 Mar 2019 19:45:01 GMT" skipped="0">
  <testcase classname="com.TestCases.ProductNServicesPageTest" name="CreateNewOrder" time="34.174"/>
  <testcase classname="com.TestCases.ProductNServicesPageTest" name="CreateNewOrder" time="32.897"/>
  <testcase classname="com.TestCases.ProductNServicesPageTest" name="CreateNewOrder" time="34.159"/>
  <testcase classname="com.TestCases.ProductNServicesPageTest" name="CreateNewOrder" time="36.001"/>
</testsuite> <!-- com.TestCases.ProductNServicesPageTest -->
