<?xml version="1.0" encoding="UTF-8"?>
<!-- Generated by org.testng.reporters.JUnitReportReporter -->
<testsuite hostname="DESKTOP-D5739PH" failures="0" tests="5" name="com.TestCases.LoginPageTest" time="48.387" errors="0" timestamp="04 Aug 2019 00:57:13 GMT" skipped="0">
  <testcase classname="com.TestCases.LoginPageTest" name="VerifyLogoofThePage" time="6.764"/>
  <testcase classname="com.TestCases.LoginPageTest" name="VerifyTitleofThePage" time="6.525"/>
  <testcase classname="com.TestCases.LoginPageTest" name="VerifyErrorMessageWithinvaliduspw" time="13.467"/>
  <testcase classname="com.TestCases.LoginPageTest" name="VerifyLoginPage" time="10.398"/>
  <testcase classname="com.TestCases.LoginPageTest" name="VerifyHomePage" time="11.233"/>
</testsuite> <!-- com.TestCases.LoginPageTest -->
